Sep  3 18:53:44 leaf init: Switching to runlevel: 0
Sep  3 18:53:46 leaf mysqld: 140903 18:53:46 [Note] /usr/sbin/mysqld: Normal shutdown
Sep  3 18:53:46 leaf mysqld: 
Sep  3 18:53:46 leaf mysqld: 140903 18:53:46 [Note] Event Scheduler: Purging the queue. 0 events
Sep  3 18:53:46 leaf mysqld: 140903 18:53:46  InnoDB: Starting shutdown...
Sep  3 18:53:47 leaf mysqld: 140903 18:53:47  InnoDB: Shutdown completed; log sequence number 1595685
Sep  3 18:53:47 leaf mysqld: 140903 18:53:47 [Note] /usr/sbin/mysqld: Shutdown complete
Sep  3 18:53:47 leaf mysqld: 
Sep  3 18:53:47 leaf mysqld_safe: mysqld from pid file /var/run/mysqld/mysqld.pid ended
Sep  3 18:53:48 leaf acpid: exiting
Sep  3 18:53:57 leaf acpid: starting up with netlink and the input layer
Sep  3 18:53:57 leaf acpid: 1 rule loaded
Sep  3 18:53:57 leaf acpid: waiting for events: event logging is off
Sep  3 18:53:58 leaf mysqld_safe: Starting mysqld daemon with databases from /var/lib/mysql
Sep  3 18:53:58 leaf mysqld: 140903 18:53:58 [Warning] Using unique option prefix key_buffer instead of key_buffer_size is deprecated and will be removed in a future release. Please use the full name instead.
Sep  3 18:53:58 leaf mysqld: 140903 18:53:58 [Warning] Using unique option prefix myisam-recover instead of myisam-recover-options is deprecated and will be removed in a future release. Please use the full name instead.
Sep  3 18:53:58 leaf mysqld: 140903 18:53:58 [Note] Plugin 'FEDERATED' is disabled.
Sep  3 18:53:58 leaf mysqld: 140903 18:53:58 InnoDB: The InnoDB memory heap is disabled
Sep  3 18:53:58 leaf mysqld: 140903 18:53:58 InnoDB: Mutexes and rw_locks use GCC atomic builtins
Sep  3 18:53:58 leaf mysqld: 140903 18:53:58 InnoDB: Compressed tables use zlib 1.2.7
Sep  3 18:53:58 leaf mysqld: 140903 18:53:58 InnoDB: Using Linux native AIO
Sep  3 18:53:58 leaf mysqld: 140903 18:53:58 InnoDB: Initializing buffer pool, size = 128.0M
Sep  3 18:53:58 leaf mysqld: 140903 18:53:58 InnoDB: Completed initialization of buffer pool
Sep  3 18:53:58 leaf mysqld: 140903 18:53:58 InnoDB: highest supported file format is Barracuda.
Sep  3 18:53:59 leaf mysqld: 140903 18:53:59  InnoDB: Waiting for the background threads to start
Sep  3 18:54:00 leaf mysqld: 140903 18:54:00 InnoDB: 5.5.38 started; log sequence number 1595685
Sep  3 18:54:00 leaf mysqld: 140903 18:54:00 [Note] Server hostname (bind-address): '127.0.0.1'; port: 3306
Sep  3 18:54:00 leaf mysqld: 140903 18:54:00 [Note]   - '127.0.0.1' resolves to '127.0.0.1';
Sep  3 18:54:00 leaf mysqld: 140903 18:54:00 [Note] Server socket created on IP: '127.0.0.1'.
Sep  3 18:54:00 leaf mysqld: 140903 18:54:00 [Note] Event Scheduler: Loaded 0 events
Sep  3 18:54:00 leaf mysqld: 140903 18:54:00 [Note] /usr/sbin/mysqld: ready for connections.
Sep  3 18:54:00 leaf mysqld: Version: '5.5.38-0+wheezy1'  socket: '/var/run/mysqld/mysqld.sock'  port: 3306  (Debian)
Sep  3 18:54:00 leaf /etc/mysql/debian-start[2545]: Upgrading MySQL tables if necessary.
Sep  3 18:54:00 leaf /etc/mysql/debian-start[2549]: /usr/bin/mysql_upgrade: the '--basedir' option is always ignored
Sep  3 18:54:00 leaf /etc/mysql/debian-start[2549]: Looking for 'mysql' as: /usr/bin/mysql
Sep  3 18:54:00 leaf /etc/mysql/debian-start[2549]: Looking for 'mysqlcheck' as: /usr/bin/mysqlcheck
Sep  3 18:54:00 leaf /etc/mysql/debian-start[2549]: This installation of MySQL is already upgraded to 5.5.38, use --force if you still need to run mysql_upgrade
Sep  3 18:54:00 leaf /etc/mysql/debian-start[2607]: Checking for insecure root accounts.
Sep  3 18:54:00 leaf /etc/mysql/debian-start[2616]: Triggering myisam-recover for all MyISAM tables
Sep  3 18:54:06 leaf ntpdate[1595]: step time server 64.246.132.14 offset -0.072565 sec
Sep  3 18:54:11 leaf dbus[1990]: [system] Activating service name='org.freedesktop.ConsoleKit' (using servicehelper)
Sep  3 18:54:11 leaf dbus[1990]: [system] Successfully activated service 'org.freedesktop.ConsoleKit'
Sep  3 18:54:21 leaf ntpdate[3002]: adjust time server 64.246.132.14 offset 0.000036 sec
Sep  3 23:08:43 leaf ntpd[7072]: ntpd 4.2.6p5@1.2349-o Sat May 12 09:54:55 UTC 2012 (1)
Sep  3 23:08:43 leaf ntpd[7073]: proto: precision = 0.138 usec
Sep  3 23:08:43 leaf ntpd[7073]: Listen and drop on 0 v4wildcard 0.0.0.0 UDP 123
Sep  3 23:08:43 leaf ntpd[7073]: Listen and drop on 1 v6wildcard :: UDP 123
Sep  3 23:08:43 leaf ntpd[7073]: Listen normally on 2 lo 127.0.0.1 UDP 123
Sep  3 23:08:43 leaf ntpd[7073]: Listen normally on 3 eth0 104.131.37.86 UDP 123
Sep  3 23:08:43 leaf ntpd[7073]: Listen normally on 4 eth0 fe80::601:25ff:feee:9901 UDP 123
Sep  3 23:08:43 leaf ntpd[7073]: Listen normally on 5 lo ::1 UDP 123
Sep  3 23:08:43 leaf ntpd[7073]: peers refreshed
Sep  3 23:08:43 leaf ntpd[7073]: Listening on routing socket on fd #22 for interface updates
