2014-10-12 07:35:02,876 fail2ban.server : INFO   Changed logging target to /var/log/fail2ban.log for Fail2ban v0.8.6
2014-10-12 07:35:04,887 fail2ban.filter : INFO   Log rotation detected for /var/log/auth.log
2014-10-12 07:36:02,952 fail2ban.filter : INFO   Log rotation detected for /var/log/auth.log
2014-10-14 12:47:15,243 fail2ban.filter : INFO   Log rotation detected for /var/log/nginx/error.log
2014-10-14 12:58:56,964 fail2ban.actions: WARNING [ssh] Ban 122.225.97.85
2014-10-14 13:07:29,432 fail2ban.server : INFO   Changed logging target to /var/log/fail2ban.log for Fail2ban v0.8.6
2014-10-14 13:07:29,433 fail2ban.jail   : INFO   Creating new jail 'ssh'
2014-10-14 13:07:29,440 fail2ban.jail   : INFO   Jail 'ssh' uses Gamin
2014-10-14 13:07:29,519 fail2ban.filter : INFO   Added logfile = /var/log/auth.log
2014-10-14 13:07:29,520 fail2ban.filter : INFO   Set maxRetry = 4
2014-10-14 13:07:29,524 fail2ban.filter : INFO   Set findtime = 600
2014-10-14 13:07:29,524 fail2ban.actions: INFO   Set banTime = 1800
2014-10-14 13:07:29,564 fail2ban.jail   : INFO   Creating new jail 'nginx-http-auth'
2014-10-14 13:07:29,565 fail2ban.jail   : INFO   Jail 'nginx-http-auth' uses Gamin
2014-10-14 13:07:29,624 fail2ban.filter : INFO   Added logfile = /var/log/nginx/error.log
2014-10-14 13:07:29,625 fail2ban.filter : INFO   Set maxRetry = 4
2014-10-14 13:07:29,626 fail2ban.filter : INFO   Set findtime = 600
2014-10-14 13:07:29,627 fail2ban.actions: INFO   Set banTime = 1800
2014-10-14 13:07:29,642 fail2ban.jail   : INFO   Jail 'ssh' started
2014-10-14 13:07:29,656 fail2ban.jail   : INFO   Jail 'nginx-http-auth' started
2014-10-14 13:07:30,676 fail2ban.actions: WARNING [ssh] Ban 122.225.97.85
2014-10-14 13:15:22,847 fail2ban.actions: WARNING [ssh] Ban 88.135.1.99
2014-10-14 13:22:09,326 fail2ban.actions: WARNING [ssh] Ban 188.246.204.145
